{
  "create_time": "2024-01-08T23:59:52Z",
  "raw_logs": {
    "entries": [
      {
        "collection_time": "2024-01-13T09:03:15.177772134Z",
        "data": "{\"EventTime\":1694435850021,\"Hostname\":\"AAAAAAAAAA11.domain1.com\",\"Keywords\":45035996273704960,\"EventType\":\"AUDIT_SUCCESS\",\"SeverityValue\":2,\"Severity\":\"INFO\",\"EventID\":779,\"SourceName\":\"Qqqqq Fffff Aaaaa Aaaaa Sssss\",\"Task\":1,\"RecordNumber\":213441733,\"ProcessID\":0,\"ThreadID\":0,\"Channel\":\"Qqqqq Fffff Aaaaa Aaaaa\",\"Domain\":\"DOMAIN1AAAA\",\"AccountName\":\"se********\",\"UserID\":\"S-1-5-21-111111111-222222222-333333333-11111\",\"AccountType\":\"User\",\"Message\":\"Remote folder opened: \\r\\n \\tUser Name: se******** \\r\\n \\tUser Domain: DOMAIN1AAAA \\r\\n \\tUser Logon ID: (0x2B,0xAAAAAAAA) \\r\\n \\tUser IP Address: 5.1.1.1 \\r\\n \\tFolder Path: D:\\\\Folder_1\\\\Folder2\\\\Folder333333\\\\Fold-up 11\\\\file 001 \\r\\n \\tTransaction ID:  \\r\\n \\tShhhhh Copy:  \\r\\n\",\"Category\":\"Remote Access\",\"Opcode\":\"Info\",\"EventReceivedTime\":1704296198814,\"SourceModuleName\":\"qqqqq_ffff_aaaa_aaaa\",\"SourceModuleType\":\"ii_mmmmm\"}"
      },
      {
        "collection_time": "2024-01-13T13:00:40.311322288Z",
        "data": "{\"EventTime\":1704300005197,\"Hostname\":\"AAAAAAAAAA12.domain1.com\",\"Keywords\":45035996273704960,\"EventType\":\"AUDIT_SUCCESS\",\"SeverityValue\":2,\"Severity\":\"INFO\",\"EventID\":780,\"SourceName\":\"Qqqqq Fffff Aaaaa Aaaaa Sssss\",\"Task\":2,\"RecordNumber\":90526124,\"ProcessID\":0,\"ThreadID\":0,\"Channel\":\"Qqqqq Fffff Aaaaa Aaaaa\",\"Domain\":\"NN AAAAAA\",\"AccountName\":\"SY******\",\"UserID\":\"S-1-5-18\",\"AccountType\":\"User\",\"Message\":\"Local folder opened: \\r\\n \\tPrimary User Name: SY****** \\r\\n \\tPrimary User Domain: NN AAAAAA \\r\\n \\tClient User Name:  \\r\\n \\tClient User Domain:  \\r\\n \\tUser Logon ID: (0x0,0x1A1) \\r\\n \\tProcess: C:\\\\Program Files\\\\AppA1\\\\AppA1-A Folder11111\\\\AppA1AaFolder11111Svc.exe \\r\\n \\tFolder Path: D:\\\\ \\r\\n \\tTransaction ID:  \\r\\n \\tShhhhh Copy:  \\r\\n\",\"Category\":\"Local Access\",\"Opcode\":\"Info\",\"EventReceivedTime\":1704300005779,\"SourceModuleName\":\"qqqqq_ffff_aaaa_aaaa\",\"SourceModuleType\":\"ii_mmmmm\"}"
      },
      {
        "collection_time": "2024-01-13T13:10:21.107008859Z",
        "data": "{\"EventTime\":1694435886257,\"Hostname\":\"AAAAAAAAAA11.domain1.com\",\"Keywords\":45035996273704960,\"EventType\":\"AUDIT_SUCCESS\",\"SeverityValue\":2,\"Severity\":\"INFO\",\"EventID\":1537,\"SourceName\":\"Qqqqq Fffff Aaaaa Aaaaa Sssss\",\"Task\":1,\"RecordNumber\":213444347,\"ProcessID\":0,\"ThreadID\":0,\"Channel\":\"Qqqqq Fffff Aaaaa Aaaaa\",\"Domain\":\"DOMAIN1AAAA\",\"AccountName\":\"an********\",\"UserID\":\"S-1-5-21-111111111-222222222-333333333-11112\",\"AccountType\":\"User\",\"Message\":\"Object deleted: \\r\\n \\tUser Name: an******** \\r\\n \\tUser Domain: DOMAIN1AAAA \\r\\n \\tUser Logon ID: (0x2C,0xBBBBBBBB) \\r\\n \\tUser IP Address: 5.1.1.2 \\r\\n \\tObject Type: File \\r\\n \\tObject Path: D:\\\\Fold Users\\\\an********\\\\Fold\\\\~1111.pst.tmp \\r\\n \\tTransaction ID:  \\r\\n\",\"Category\":\"Remote Access\",\"Opcode\":\"Info\",\"EventReceivedTime\":1704296199830,\"SourceModuleName\":\"qqqqq_ffff_aaaa_aaaa\",\"SourceModuleType\":\"ii_mmmmm\"}"
      }
    ],
    "type": "QUEST_FILE_AUDIT"
  }
}