{
  "create_time": "2022-03-24T06:25:17.042597Z",
  "raw_logs": {
    "entries": [
      {
        "data": "{\"time\": \"2022-03-24T06:55:46.3774332Z\", \"resourceId\": \"/SUBSCRIPTIONS/aaaaaaaa-aaaa-aaaa-aaaa-aaaaaaaaaaaa/RESOURCEGROUPS/IMZ-PRD-DB-PROD-AAAAA-AAAAAADB-RG/PROVIDERS/DOMAIN.DOCUMENTDB/DATABASEACCOUNTS/IMZ-PRD-DB-PROD-AAAAA-AAAAAADB\", \"category\": \"QueryRuntimeStatistics\", \"properties\": {\"activityId\": \"11111111-1111-1111-1111-111111111111\", \"databasename\": \"rx-imz-prod\", \"collectionname\": \"imz_orders_meta\", \"partitionkeyrangeid\": \"\", \"useragent\": \"user-agent\", \"subscriptionid\": \"aaaaaaaa-aaaa-aaaa-aaaa-aaaaaaaaaaaa\", \"resourcegroupname\": \"imz-prd-db-prod-aaaaa-aaaaaaabd-rg\", \"partialipaddress\": \"10.1.2.3\", \"numberofrowsreturned\": \"1\", \"signature\": \"0\", \"shapesignature\": \"0\", \"queryexecutionstatus\": \"Finished\", \"querytext\": \"{\\\"query\\\":\\\"SELECT [{\\\\\\\"p2\\\\\\\": c.p3}] AS p4__12, {\\\\\\\"p3\\\\\\\": c.p3, \\\\\\\"p5\\\\\\\": {\\\\\\\"p2\\\\\\\": count(c.id)}} AS p6\\\\nFROM c\\\\nGROUP BY c.p3\\\",\\\"parameters\\\":[]}\"}}"
      },
      {
        "data": "{\"time\": \"2022-03-24T06:39:08.0960565Z\", \"resourceId\": \"/SUBSCRIPTIONS/bbbbbbbb-bbbb-bbbb-bbbb-bbbbbbbbbbbb/RESOURCEGROUPS/HW-FOM-STG-AAAAA-AAAAAADB-RG/PROVIDERS/DOMAIN.DOCUMENTDB/DATABASEACCOUNTS/HW-FOM-STG-AAAAA-AAAAAADB\", \"category\": \"QueryRuntimeStatistics\", \"properties\": {\"activityId\": \"22222222-2222-2222-2222-222222222222\", \"databasename\": \"HW_FILLING_SERVICE\", \"collectionname\": \"Fill_Work_Status\", \"partitionkeyrangeid\": \"0\", \"useragent\": \"user-agent\", \"subscriptionid\": \"bbbbbbbb-bbbb-bbbb-bbbb-bbbbbbbbbbbb\", \"resourcegroupname\": \"hw-fom-stg-aaaaa-aaaaaaabd-rg\", \"partialipaddress\": \"10.1.2.3\", \"numberofrowsreturned\": \"0\", \"signature\": \"0\", \"shapesignature\": \"0\", \"queryexecutionstatus\": \"Finished\", \"querytext\": \"{\\\"query\\\":\\\"SELECT *\\\\nFROM r1 AS r\\\\nWHERE ((r.p1 = @param1__10) AND (r.p2__15 IN (@param2, @param3, @param4, @param5, @param6, @param7, @param8, @param9, @param10, @param11)))\\\",\\\"parameters\\\":[{\\\"name\\\":\\\"@param1__10\\\",\\\"value\\\":5600.1},{\\\"name\\\":\\\"@param2\\\",\\\"value\\\":\\\"str3__36\\\"},{\\\"name\\\":\\\"@param3\\\",\\\"value\\\":\\\"str8__36\\\"},{\\\"name\\\":\\\"@param4\\\",\\\"value\\\":\\\"str7__36\\\"},{\\\"name\\\":\\\"@param5\\\",\\\"value\\\":\\\"str9__36\\\"},{\\\"name\\\":\\\"@param6\\\",\\\"value\\\":\\\"str4__36\\\"},{\\\"name\\\":\\\"@param7\\\",\\\"value\\\":\\\"str2__36\\\"},{\\\"name\\\":\\\"@param8\\\",\\\"value\\\":\\\"str1__36\\\"},{\\\"name\\\":\\\"@param9\\\",\\\"value\\\":\\\"str6__36\\\"},{\\\"name\\\":\\\"@param10\\\",\\\"value\\\":\\\"str5__36\\\"},{\\\"name\\\":\\\"@param11\\\",\\\"value\\\":\\\"str10__36\\\"}]}\"}}"
      },
      {
        "data": "{\"time\": \"2022-03-24T06:23:45.0637662Z\", \"resourceId\": \"/SUBSCRIPTIONS/aaaaaaaa-aaaa-aaaa-aaaa-aaaaaaaaaaaa/RESOURCEGROUPS/IMZ-PRD-DB-PROD-AAAAA-AAAAAADB-RG/PROVIDERS/DOMAIN.DOCUMENTDB/DATABASEACCOUNTS/IMZ-PRD-DB-PROD-AAAAA-AAAAAADB\", \"category\": \"DataPlaneRequests\", \"operationName\": \"Query\", \"properties\": {\"activityId\": \"33333333-3333-3333-3333-333333333333\", \"requestResourceType\": \"DocumentFeed\", \"requestResourceId\": \"/dbs/rx-imz-prod/colls/imz_orders_meta/docs\", \"collectionRid\": \"\", \"databaseRid\": \"\", \"statusCode\": \"200\", \"duration\": \"17.785400\", \"userAgent\": \"user-agent\", \"clientIpAddress\": \"10.1.2.3\", \"requestCharge\": \"87.640000\", \"requestLength\": \"155\", \"responseLength\": \"139\", \"resourceTokenPermissionId\": \"\", \"resourceTokenPermissionMode\": \"\", \"resourceTokenUserRid\": \"\", \"region\": \"South Central US\", \"partitionId\": \"\", \"aadAppliedRoleAssignmentId\": \"\", \"aadPrincipalId\": \"\", \"authTokenType\": \"PrimaryMasterKey\", \"keyType\": \"PrimaryMasterKey\", \"connectionMode\": \"Gateway\", \"traceDestination\": \"1\", \"subscriptionId\": \"aaaaaaaa-aaaa-aaaa-aaaa-aaaaaaaaaaaa\", \"databaseName\": \"rx-imz-prod\", \"collectionName\": \"imz_orders_meta\"}}"
      },
      {
        "data": "{\"time\": \"2022-03-25T17:15:14.0484900Z\", \"resourceId\": \"/SUBSCRIPTIONS/bbbbbbbb-bbbb-bbbb-bbbb-bbbbbbbbbbbb/RESOURCEGROUPS/WORK-STG-AAAAA-AAAAAADB-RG/PROVIDERS/DOMAIN.DOCUMENTDB/DATABASEACCOUNTS/WORK-STG-AAAAA-AAAAAADB\", \"category\": \"QueryRuntimeStatistics\", \"properties\": {\"activityId\": \"44444444-4444-4444-4444-444444444444\", \"databasename\": \"WorkService-stage\", \"collectionname\": \"work\", \"partitionkeyrangeid\": \"0\", \"useragent\": \"user-agent\", \"subscriptionid\": \"bbbbbbbb-bbbb-bbbb-bbbb-bbbbbbbbbbbb\", \"resourcegroupname\": \"work-stg-aaaaa-aaaaaaabd-rg\", \"partialipaddress\": \"10.1.2.3\", \"numberofrowsreturned\": \"1\", \"signature\": \"0\", \"shapesignature\": \"0\", \"queryexecutionstatus\": \"Finished\", \"querytext\": \"{\\\"query\\\":\\\"SELECT VALUE [{\\\\\\\"p5\\\\\\\": COUNT(1)}]\\\\nFROM c\\\\nWHERE (((((((((c.p1 = @param1) AND ((@param2__10 = null) OR (c.p6 = @param2__10))) AND ((@param3 = null) OR (c.p7 = @param3))) AND ((@param4__10 = null) OR ARRAY_CONTAINS(@param4__10, c.p8))) AND ((@param5__11 = null) OR ARRAY_CONTAINS(@param5__11, c.p2__10))) AND ((@param6 = null) OR ARRAY_CONTAINS(@param6, c.p3))) AND ((@param7__12 = null) OR (c.p9__11 = @param7__12))) AND ((@param8__17 = null) OR (c.p10__16 = @param8__17))) AND (c.p4__12 = \\\\\\\"str31__12\\\\\\\"))\\\",\\\"parameters\\\":[{\\\"name\\\":\\\"@param1\\\",\\\"value\\\":5600.1},{\\\"name\\\":\\\"@param2__10\\\",\\\"value\\\":null},{\\\"name\\\":\\\"@param3\\\",\\\"value\\\":null},{\\\"name\\\":\\\"@param4__10\\\",\\\"value\\\":null},{\\\"name\\\":\\\"@param5__11\\\",\\\"value\\\":[\\\"str2\\\",\\\"str1\\\",\\\"str3\\\",\\\"str4\\\"]},{\\\"name\\\":\\\"@param6\\\",\\\"value\\\":[\\\"str29__36\\\",\\\"str11__36\\\",\\\"str7__36\\\",\\\"str24__36\\\",\\\"str22__36\\\",\\\"str21__36\\\",\\\"str23__36\\\",\\\"str28__36\\\",\\\"str27__36\\\",\\\"str20__36\\\",\\\"str8__36\\\",\\\"str6__36\\\",\\\"str18__36\\\",\\\"str14__36\\\",\\\"str13__36\\\",\\\"str25__36\\\",\\\"str10__36\\\",\\\"str16__36\\\",\\\"str26__36\\\",\\\"str17__36\\\",\\\"str30__36\\\",\\\"str5__36\\\",\\\"str15__36\\\",\\\"str9__36\\\",\\\"str19__36\\\",\\\"str12__36\\\"]},{\\\"name\\\":\\\"@param7__12\\\",\\\"value\\\":null},{\\\"name\\\":\\\"@param8__17\\\",\\\"value\\\":null}]}\"}}"
      },
      {
        "collection_time": "2023-02-20T06:16:32.432291589Z",
        "data": "{ \"TenantId\": \"cccccccc-cccc-cccc-cccc-cccccccccccc\", \"TimeGenerated\": \"2022-03-25T08:42:36.5189008Z\", \"SourceSystem\": \"OpsManager\", \"Account\": \"domain\\\\user\", \"AccountType\": \"User\", \"Computer\": \"host.name.com\", \"EventSourceName\": \"Microsoft-Windows-Security-Auditing\", \"Channel\": \"Security\", \"Task\": \"13312\", \"Level\": \"8\", \"EventID\": \"4688\", \"Activity\": \"4688 - A new process has been created.\", \"SourceComputerId\": \"dddddddd-dddd-dddd-dddd-dddddddddddd\", \"EventOriginId\": \"eeeeeeee-eeee-eeee-eeee-eeeeeeeeeeee\", \"MG\": \"00000000-0000-0000-0000-000000000001\", \"TimeCollected\": \"2023-02-16T08:42:37.5368707Z\", \"ManagementGroupName\": \"AOI-cccccccc-cccc-cccc-cccc-cccccccccccc\", \"CommandLine\": \"ASPPkg  /putF:\\\\path\\\\to\\\\file.lst /tobrwrk /Chain=GELSONS\", \"MandatoryLabel\": \"S-1-16-12288\", \"NewProcessId\": \"0x0\", \"NewProcessName\": \"C:\\\\path\\\\to\\\\file.exe\", \"ParentProcessName\": \"C:\\\\path\\\\to\\\\file.exe\", \"Process\": \"AspPkg.exe\", \"ProcessId\": \"0x0\", \"SubjectAccount\": \"domain\\\\user\", \"SubjectDomainName\": \"RET\", \"SubjectLogonId\": \"0x0\", \"SubjectUserName\": \"user\", \"SubjectUserSid\": \"S-1-5-21-0-0-0-0\", \"TargetAccount\": \"-\\\\-\", \"TargetDomainName\": \"-\", \"TargetLogonId\": \"0x0\", \"TargetUserName\": \"-\", \"TargetUserSid\": \"S-1-0-0\", \"TokenElevationType\": \"%%1936\", \"Type\": \"SecurityEvent\", \"_Internal_WorkspaceResourceId\": \"/subscriptions/ffffffff-ffff-ffff-ffff-ffffffffffff/resourcegroups/its-saas-oms-prod-nua01/providers/domain.operationalinsights/workspaces/nua1\", \"_ResourceId\": \"/subscriptions/gggggggg-gggg-gggg-gggg-gggggggggggg/resourceGroups/RET-APPOPS-LPRO-PREP-0-LPMQ2-PREP-EUA02/providers/Microsoft.Compute/virtualMachines/host.name.com\"}"
      },
      {
        "data": "{ \"TenantId\": \"hhhhhhhh-hhhh-hhhh-hhhh-hhhhhhhhhhhh\", \"TimeGenerated\": \"2022-03-15T22:38:29.3374462Z\", \"SourceSystem\": \"OpsManager\", \"Account\": \"domain\\\\system\", \"AccountType\": \"User\", \"Computer\": \"host.name.com\", \"EventSourceName\": \"Microsoft-Windows-AppLocker\", \"Channel\": \"Microsoft-Windows-AppLocker/EXE and DLL\", \"Task\": \"0\", \"Level\": \"4\", \"EventData\": \"\u003cUserData xmlns=\\\"http://schemas.domain.com/win/2004/08/events/event\\\"\u003e\\r\\n  \u003cRuleAndFileData xmlns=\\\"http://schemas.domain.com/schemas/event/Microsoft.Windows/1.0.0.0\\\"\u003e\\r\\n    \u003cPolicyNameLength\u003e3\u003c/PolicyNameLength\u003e\\r\\n    \u003cPolicyName\u003eEXE\u003c/PolicyName\u003e\\r\\n    \u003cRuleId\u003e{iiiiiiii-iiii-iiii-iiii-iiiiiiiiiiii}\u003c/RuleId\u003e\\r\\n    \u003cRuleNameLength\u003e24\u003c/RuleNameLength\u003e\\r\\n    \u003cRuleName\u003e(Default Rule) All Exe's\u003c/RuleName\u003e\\r\\n    \u003cRuleSddlLength\u003e48\u003c/RuleSddlLength\u003e\\r\\n    \u003cRuleSddl\u003eD:(XA;;FX;;;S-1-1-0;(APPID://PATH Contains \\\"*\\\"))\u003c/RuleSddl\u003e\\r\\n    \u003cTargetUser\u003eS-1-5-18\u003c/TargetUser\u003e\\r\\n    \u003cTargetProcessId\u003e12332\u003c/TargetProcessId\u003e\\r\\n    \u003cFilePathLength\u003e48\u003c/FilePathLength\u003e\\r\\n    \u003cFilePath\u003eC:\\\\path\\\\to\\\\file.exe\u003c/FilePath\u003e\\r\\n    \u003cFileHashLength\u003e32\u003c/FileHashLength\u003e\\r\\n    \u003cFileHash\u003e11AAA1111AAAAA111A1A1A11AA1AAA111111AAAAA111111AAAA\u003c/FileHash\u003e\\r\\n    \u003cFqbnLength\u003e121\u003c/FqbnLength\u003e\\r\\n    \u003cFqbn\u003eO=DOMAIN CORPORATION, L=REDMOND, S=WASHINGTON, C=US\\\\MICROSOFT® WINDOWS® OPERATING SYSTEM\\\\POWERSHELL.EXE\\\\10.0.14393.206\u003c/Fqbn\u003e\\r\\n    \u003cTargetLogonId\u003e0x0\u003c/TargetLogonId\u003e\\r\\n  \u003c/RuleAndFileData\u003e\\r\\n\u003c/UserData\u003e\", \"EventID\": \"8002\", \"Activity\": \"8002 - A process was allowed to run.\", \"SourceComputerId\": \"jjjjjjjj-jjjj-jjjj-jjjj-jjjjjjjjjjjj\", \"EventOriginId\": \"kkkkkkkk-kkkk-kkkk-kkkk-kkkkkkkkkkkk\", \"MG\": \"00000000-0000-0000-0000-000000000001\", \"TimeCollected\": \"2023-02-15T22:38:30.9636839Z\", \"ManagementGroupName\": \"AOI-hhhhhhhh-hhhh-hhhh-hhhh-hhhhhhhhhhhh\", \"FileHash\": \"11AAA1111AAAAA111A1A1A11AA1AAA111111AAAAA111111AAAA\", \"FilePath\": \"C:\\\\path\\\\to\\\\file.exe\", \"Fqbn\": \"O=DOMAIN CORPORATION, L=REDMOND, S=WASHINGTON, C=US\\\\MICROSOFT® WINDOWS® OPERATING SYSTEM\\\\POWERSHELL.EXE\\\\10.0.14393.206\", \"Process\": \"POWERSHELL.EXE\", \"TargetUser\": \"S-1-5-18\", \"Type\": \"SecurityEvent\", \"_Internal_WorkspaceResourceId\": \"/subscriptions/llllllll-llll-llll-llll-llllllllllll/resourcegroups/its-saas-log-prod-saa01-rg/providers/domain.operationalinsights/workspaces/saa01\", \"_ResourceId\": \"/subscriptions/mmmmmmmm-mmmm-mmmm-mmmm-mmmmmmmmmmmm/resourceGroups/hsp-appops-common-wterm-sec-ssa01-rg/providers/Microsoft.Compute/virtualMachines/host.name.com\"}",
        "timestamp": "2023-02-15T22:47:47.787083Z"
      },
      {
        "data": "{ \"Computer\": \"host.name.com\", \"EventCategory\": 1006, \"EventData\": \"\u003cDataItem type=\\\"System.XmlData\\\" time=\\\"2023-02-15T22:41:47.1313726+00:00\\\" sourceHealthServiceId=\\\"nnnnnnnn-nnnn-nnnn-nnnn-nnnnnnnnnnnn\\\"\u003e\u003cUserData xmlns=\\\"http://schemas.domain.com/win/2004/08/events/event\\\"\u003e\u003cEventData xmlns=\\\"Smb2Namespace\\\"\u003e\u003cShareNameLength\u003e13\u003c/ShareNameLength\u003e\u003cShareName\u003e\\\\\\\\*\\\\share_name\u003c/ShareName\u003e\u003cSharePathLength\u003e16\u003c/SharePathLength\u003e\u003cSharePath\u003e\\\\??\\\\F:\\\\share_name\u003c/SharePath\u003e\u003cClientAddressLength\u003e16\u003c/ClientAddressLength\u003e\u003cClientAddress\u003eHEXADDRESS\u003c/ClientAddress\u003e\u003cUserNameLength\u003e20\u003c/UserNameLength\u003e\u003cUserName\u003edomain\\\\host$\u003c/UserName\u003e\u003cClientNameLength\u003e14\u003c/ClientNameLength\u003e\u003cClientName\u003e\\\\\\\\10.2.3.4\u003c/ClientName\u003e\u003cMappedAccess\u003e0x120089\u003c/MappedAccess\u003e\u003cGrantedAccess\u003e0x0\u003c/GrantedAccess\u003e\u003cShareSecurityDescriptorLength\u003e136\u003c/ShareSecurityDescriptorLength\u003e\u003cShareSecurityDescriptor\u003e01000480700000007C000000000000001400000002005C000300000000001800FF011F000102000000000005200000002002000000001800FF011F000102000000000005200000003802000000002400FF011F00010500000000000515000000C433A44FA845C49CB855FB88E8030000010100000000000512000000010100000000000512000000\u003c/ShareSecurityDescriptor\u003e\u003cStatus\u003e0xc0000022\u003c/Status\u003e\u003cTranslatedStatus\u003e0xc0000022\u003c/TranslatedStatus\u003e\u003cSessionID\u003e0x0\u003c/SessionID\u003e\u003c/EventData\u003e\u003c/UserData\u003e\u003c/DataItem\u003e\", \"EventID\": 1006, \"EventLevel\": 16, \"EventLevelName\": \"Audit Error\", \"EventLog\": \"Microsoft-Windows-SMBServer/Security\", \"MG\": \"00000000-0000-0000-0000-000000000001\", \"ManagementGroupName\": \"AOI-cccccccc-cccc-cccc-cccc-cccccccccccc\", \"ParameterXml\": \"\u003cParam\u003e13\u003c/Param\u003e\u003cParam\u003e\\\\\\\\*\\\\share_name\u003c/Param\u003e\u003cParam\u003e16\u003c/Param\u003e\u003cParam\u003e\\\\??\\\\F:\\\\share_name\u003c/Param\u003e\u003cParam\u003e16\u003c/Param\u003e\u003cParam\u003e-\u003c/Param\u003e\u003cParam\u003e20\u003c/Param\u003e\u003cParam\u003edomain\\\\host$\u003c/Param\u003e\u003cParam\u003e14\u003c/Param\u003e\u003cParam\u003e\\\\\\\\10.2.3.4\u003c/Param\u003e\u003cParam\u003e0x120089\u003c/Param\u003e\u003cParam\u003e0x0\u003c/Param\u003e\u003cParam\u003e136\u003c/Param\u003e\u003cParam\u003e-\u003c/Param\u003e\u003cParam\u003e0xffffffffc0000022\u003c/Param\u003e\u003cParam\u003e0xffffffffc0000022\u003c/Param\u003e\u003cParam\u003e0x0\u003c/Param\u003e\", \"RenderedDescription\": \"The share denied access to the client.  Client Name: \\\\\\\\10.2.3.4 Client Address: - User Name: domain\\\\host$ Session ID: 0x0 Share Name: \\\\\\\\*\\\\share_name Share Path: \\\\??\\\\F:\\\\share_name Status: 0xffffffffc0000022 (0xffffffffc0000022) Mapped Access: 0x120089 Granted Access: 0x0 Security Descriptor: -  Guidance:  You should expect access denied errors when a principal accesses a share without the necessary permissions. Usually, this indicates that the principal does not have direct security permissions or lacks membership in a group that has direct access permissions. To determine and correct the permissions on the specified share, an administrator can use the Security tab in File Explorer Properties dialog, the SMBSHARE Windows PowerShell module, or the NET SHARE command. You can also use the Effective Access tab in File Explorer to help diagnose the issue.  Applications may generate access denied errors if they attempt to open files in a writable mode first, and then reopen the files in a read-only mode. In this case, no user action is required.  If access to the share is denied and this event is not logged, you can examine the file and folder NTFS/REFS permissions.  This error does not indicate a problem with authentication, only authorization. \", \"Source\": \"Microsoft-Windows-SMBServer\", \"SourceSystem\": \"OpsManager\", \"TenantId\": \"cccccccc-cccc-cccc-cccc-cccccccccccc\", \"TimeGenerated\": \"2022-03-15T22:41:47.1313726Z\", \"Type\": \"Event\", \"UserName\": \"domain\\\\system\", \"_Internal_WorkspaceResourceId\": \"/subscriptions/ffffffff-ffff-ffff-ffff-ffffffffffff/resourcegroups/its-saas-oms-prod-nua01/providers/domain.operationalinsights/workspaces/nua1\", \"_ResourceId\": \"/subscriptions/oooooooo-oooo-oooo-oooo-oooooooooooo/resourceGroups/svs-appsre-vision-0-web-prep-nua01/providers/Microsoft.Compute/virtualMachines/host.name.com\"}",
        "timestamp": "2023-02-15T22:47:50.399078Z"
      }
    ],
    "type": "AZURE_COSMOS_DB"
  }
}